
> 4points-contractors@0.1.0 build
> next build

  Î“Ă»â–“ Next.js 14.2.3

   Creating an optimized production build ...
 Î“ÂŁĂ´ Compiled successfully
   Skipping validation of types
   Skipping linting
   Collecting page data ...
   Generating static pages (0/10) ...
   Generating static pages (2/10) 
   Generating static pages (4/10) 
   Generating static pages (7/10) 
 Î“ÂŁĂ´ Generating static pages (10/10)
   Finalizing page optimization ...
   Collecting build traces ...

Route (app)                              Size     First Load JS
Î“Ă¶Ă® Î“ĂąĂŻ /                                    49 kB           143 kB
Î“Ă¶ÂŁ Î“ĂąĂŻ /_not-found                          871 B          87.9 kB
Î“Ă¶ÂŁ Î“ĂąĂŻ /bakersfield-remodels                178 B          93.9 kB
Î“Ă¶ÂŁ Î“ĂąĂŻ /contact                             145 B          87.1 kB
Î“Ă¶ÂŁ Î“ĂąĂŻ /faq                                 145 B          87.1 kB
Î“Ă¶ÂŁ Î“ĂąĂŻ /projects                            145 B          87.1 kB
Î“Ă¶ÂŁ Î“ĂąĂŻ /services                            178 B          93.9 kB
Î“Ă¶ÂŁ â•žĂ† /services/[slug]                     178 B          93.9 kB
Î“Ă¶Ă¶ Î“ĂąĂŻ /sitemap.xml                         0 B                0 B
+ First Load JS shared by all            87 kB
  Î“Ă¶ÂŁ chunks/23-15b40c9d7196da5d.js        31.5 kB
  Î“Ă¶ÂŁ chunks/fd9d1056-211f0c774853bd6b.js  53.6 kB
  Î“Ă¶Ă¶ other shared chunks (total)          1.89 kB


Î“ĂąĂŻ  (Static)   prerendered as static content
â•žĂ†  (Dynamic)  server-rendered on demand

